Using pre-set license
Built from '2021.3/staging' branch; Version is '2021.3.9f1 (ad3870b89536) revision 11352176'; Using compiler version '192829333'; Build Type 'Release'
OS: 'Windows 11  (10.0.22000) 64bit Professional' Language: 'es' Physical Memory: 16144 MB
BatchMode: 1, IsHumanControllingUs: 0, StartBugReporterOnCrash: 0, Is64bit: 1, IsPro: 1

COMMAND LINE ARGUMENTS:
C:\Program Files\Unity\Hub\Editor\2021.3.9f1\Editor\Unity.exe
-adb2
-batchMode
-noUpm
-name
AssetImportWorker0
-projectPath
C:/Unity/Unidad2_Laboratorio2
-logFile
Logs/AssetImportWorker0.log
-srvPort
50164
Successfully changed project path to: C:/Unity/Unidad2_Laboratorio2
C:/Unity/Unidad2_Laboratorio2
[UnityMemory] Configuration Parameters - Can be set up in boot.config
    "memorysetup-bucket-allocator-granularity=16"
    "memorysetup-bucket-allocator-bucket-count=8"
    "memorysetup-bucket-allocator-block-size=33554432"
    "memorysetup-bucket-allocator-block-count=8"
    "memorysetup-main-allocator-block-size=16777216"
    "memorysetup-thread-allocator-block-size=16777216"
    "memorysetup-gfx-main-allocator-block-size=16777216"
    "memorysetup-gfx-thread-allocator-block-size=16777216"
    "memorysetup-cache-allocator-block-size=4194304"
    "memorysetup-typetree-allocator-block-size=2097152"
    "memorysetup-profiler-bucket-allocator-granularity=16"
    "memorysetup-profiler-bucket-allocator-bucket-count=8"
    "memorysetup-profiler-bucket-allocator-block-size=33554432"
    "memorysetup-profiler-bucket-allocator-block-count=8"
    "memorysetup-profiler-allocator-block-size=16777216"
    "memorysetup-profiler-editor-allocator-block-size=1048576"
    "memorysetup-temp-allocator-size-main=16777216"
    "memorysetup-job-temp-allocator-block-size=2097152"
    "memorysetup-job-temp-allocator-block-size-background=1048576"
    "memorysetup-job-temp-allocator-reduction-small-platforms=262144"
    "memorysetup-temp-allocator-size-background-worker=32768"
    "memorysetup-temp-allocator-size-job-worker=262144"
    "memorysetup-temp-allocator-size-preload-manager=33554432"
    "memorysetup-temp-allocator-size-nav-mesh-worker=65536"
    "memorysetup-temp-allocator-size-audio-worker=65536"
    "memorysetup-temp-allocator-size-cloud-worker=32768"
    "memorysetup-temp-allocator-size-gi-baking-worker=262144"
    "memorysetup-temp-allocator-size-gfx=262144"
Refreshing native plugins compatible for Editor in 84.21 ms, found 3 plugins.
Preloading 0 native plugins for Editor in 0.00 ms.
Initialize engine version: 2021.3.9f1 (ad3870b89536)
[Subsystems] Discovering subsystems at path C:/Program Files/Unity/Hub/Editor/2021.3.9f1/Editor/Data/Resources/UnitySubsystems
[Subsystems] Discovering subsystems at path C:/Unity/Unidad2_Laboratorio2/Assets
GfxDevice: creating device client; threaded=0; jobified=0
Direct3D:
    Version:  Direct3D 11.0 [level 11.1]
    Renderer: Intel(R) UHD Graphics (ID=0x9b41)
    Vendor:   Intel
    VRAM:     8072 MB
    Driver:   27.20.100.9664
Initialize mono
Mono path[0] = 'C:/Program Files/Unity/Hub/Editor/2021.3.9f1/Editor/Data/Managed'
Mono path[1] = 'C:/Program Files/Unity/Hub/Editor/2021.3.9f1/Editor/Data/MonoBleedingEdge/lib/mono/unityjit-win32'
Mono config path = 'C:/Program Files/Unity/Hub/Editor/2021.3.9f1/Editor/Data/MonoBleedingEdge/etc'
Using monoOptions --debugger-agent=transport=dt_socket,embedding=1,server=y,suspend=n,address=127.0.0.1:56924
Begin MonoManager ReloadAssembly
Registering precompiled unity dll's ...
Register platform support module: C:/Program Files/Unity/Hub/Editor/2021.3.9f1/Editor/Data/PlaybackEngines/WindowsStandaloneSupport/UnityEditor.WindowsStandalone.Extensions.dll
Registered in 0.005042 seconds.
Native extension for WindowsStandalone target not found
Refreshing native plugins compatible for Editor in 76.95 ms, found 3 plugins.
Preloading 0 native plugins for Editor in 0.00 ms.
Mono: successfully reloaded assembly
- Completed reload, in  0.707 seconds
Domain Reload Profiling:
	ReloadAssembly (708ms)
		BeginReloadAssembly (80ms)
			ExecutionOrderSort (0ms)
			DisableScriptedObjects (0ms)
			BackupInstance (0ms)
			ReleaseScriptingObjects (0ms)
			CreateAndSetChildDomain (1ms)
		EndReloadAssembly (510ms)
			LoadAssemblies (78ms)
			RebuildTransferFunctionScriptingTraits (0ms)
			SetupTypeCache (115ms)
			ReleaseScriptCaches (0ms)
			RebuildScriptCaches (35ms)
			SetupLoadedEditorAssemblies (304ms)
				LogAssemblyErrors (0ms)
				InitializePlatformSupportModulesInManaged (8ms)
				SetLoadedEditorAssemblies (0ms)
				RefreshPlugins (77ms)
				BeforeProcessingInitializeOnLoad (1ms)
				ProcessInitializeOnLoadAttributes (158ms)
				ProcessInitializeOnLoadMethodAttributes (59ms)
				AfterProcessingInitializeOnLoad (0ms)
				EditorAssembliesLoaded (0ms)
			ExecutionOrderSort2 (0ms)
			AwakeInstancesAfterBackupRestoration (0ms)
Platform modules already initialized, skipping
Registering precompiled user dll's ...
Registered in 0.008508 seconds.
Begin MonoManager ReloadAssembly
Symbol file LoadedFromMemory doesn't match image C:\Unity\Unidad2_Laboratorio2\Library\PackageCache\com.unity.visualscripting@1.7.8\Editor\VisualScripting.Core\Dependencies\YamlDotNet\Unity.VisualScripting.YamlDotNet.dll
Symbol file LoadedFromMemory doesn't match image C:\Unity\Unidad2_Laboratorio2\Library\PackageCache\com.unity.visualscripting@1.7.8\Editor\VisualScripting.Core\Dependencies\DotNetZip\Unity.VisualScripting.IonicZip.dll
Native extension for WindowsStandalone target not found
Refreshing native plugins compatible for Editor in 0.53 ms, found 3 plugins.
Preloading 0 native plugins for Editor in 0.00 ms.
Mono: successfully reloaded assembly
- Completed reload, in  1.219 seconds
Domain Reload Profiling:
	ReloadAssembly (1220ms)
		BeginReloadAssembly (139ms)
			ExecutionOrderSort (0ms)
			DisableScriptedObjects (6ms)
			BackupInstance (0ms)
			ReleaseScriptingObjects (0ms)
			CreateAndSetChildDomain (24ms)
		EndReloadAssembly (952ms)
			LoadAssemblies (108ms)
			RebuildTransferFunctionScriptingTraits (0ms)
			SetupTypeCache (313ms)
			ReleaseScriptCaches (1ms)
			RebuildScriptCaches (67ms)
			SetupLoadedEditorAssemblies (425ms)
				LogAssemblyErrors (0ms)
				InitializePlatformSupportModulesInManaged (7ms)
				SetLoadedEditorAssemblies (1ms)
				RefreshPlugins (1ms)
				BeforeProcessingInitializeOnLoad (94ms)
				ProcessInitializeOnLoadAttributes (281ms)
				ProcessInitializeOnLoadMethodAttributes (34ms)
				AfterProcessingInitializeOnLoad (8ms)
				EditorAssembliesLoaded (0ms)
			ExecutionOrderSort2 (0ms)
			AwakeInstancesAfterBackupRestoration (9ms)
Platform modules already initialized, skipping
========================================================================
Worker process is ready to serve import requests
Launched and connected shader compiler UnityShaderCompiler.exe after 0.04 seconds
Refreshing native plugins compatible for Editor in 0.55 ms, found 3 plugins.
Preloading 0 native plugins for Editor in 0.00 ms.
Unloading 3380 Unused Serialized files (Serialized files now loaded: 0)
Unloading 27 unused Assets / (111.3 KB). Loaded Objects now: 3837.
Memory consumption went from 116.2 MB to 116.1 MB.
Total: 3.521100 ms (FindLiveObjects: 0.342900 ms CreateObjectMapping: 0.253400 ms MarkObjects: 2.787000 ms  DeleteObjects: 0.136800 ms)

AssetImportParameters requested are different than current active one (requested -> active):
  custom:video-decoder-ogg-theora: a1e56fd34408186e4bbccfd4996cb3dc -> 
  custom:container-muxer-webm: aa71ff27fc2769a1b78a27578f13a17b -> 
  custom:container-demuxer-webm: 4f35f7cbe854078d1ac9338744f61a02 -> 
  custom:video-encoder-webm-vp8: eb34c28f22e8b96e1ab97ce403110664 -> 
  custom:audio-encoder-webm-vorbis: bf7c407c2cedff20999df2af8eb42d56 -> 
  custom:framework-win-MediaFoundation: 216162199b28c13a410421893ffa2e32 -> 
  custom:container-demuxer-ogg: 62fdf1f143b41e24485cea50d1cbac27 -> 
  custom:video-decoder-webm-vp8: 9c59270c3fd7afecdb556c50c9e8de78 -> 
  custom:audio-decoder-ogg-vorbis: bf7c407c2cedff20999df2af8eb42d56 -> 
========================================================================
Received Import Request.
  Time since last request: 1379029.392588 seconds.
  path: Assets/Scenes/MyGame.unity
  artifactKey: Guid(9fc0d4010bbf28b4594072e72b8655ab) Importer(815301076,1909f56bfc062723c751e8b465ee728b)
Start importing Assets/Scenes/MyGame.unity using Guid(9fc0d4010bbf28b4594072e72b8655ab) Importer(815301076,1909f56bfc062723c751e8b465ee728b)  -> (artifact id: 'd6632205b75b02546ceef9fd49abeca7') in 0.013589 seconds 
========================================================================
Received Import Request.
  Time since last request: 289.210634 seconds.
  path: Assets/Materials
  artifactKey: Guid(df0b8b0a3ee1f21408812a06907f8737) Importer(815301076,1909f56bfc062723c751e8b465ee728b)
Start importing Assets/Materials using Guid(df0b8b0a3ee1f21408812a06907f8737) Importer(815301076,1909f56bfc062723c751e8b465ee728b)  -> (artifact id: '919cf92ac59bb7e371c1edc1605abd86') in 0.006850 seconds 
========================================================================
Received Import Request.
  Time since last request: 53.460014 seconds.
  path: Assets/Materials/Blur.mat
  artifactKey: Guid(3af01f288271926428ccface4fd47862) Importer(815301076,1909f56bfc062723c751e8b465ee728b)
Start importing Assets/Materials/Blur.mat using Guid(3af01f288271926428ccface4fd47862) Importer(815301076,1909f56bfc062723c751e8b465ee728b)  -> (artifact id: '521a1ce1584c2762c6231b86a509981d') in 0.389532 seconds 
========================================================================
Received Import Request.
  Time since last request: 8.569886 seconds.
  path: Assets/Materials/Blue.mat
  artifactKey: Guid(3af01f288271926428ccface4fd47862) Importer(815301076,1909f56bfc062723c751e8b465ee728b)
Start importing Assets/Materials/Blue.mat using Guid(3af01f288271926428ccface4fd47862) Importer(815301076,1909f56bfc062723c751e8b465ee728b)  -> (artifact id: '9fc87ea6bda82c61db122227722f9b4d') in 0.018458 seconds 
========================================================================
Received Import Request.
  Time since last request: 156.042219 seconds.
  path: Assets/Materials/Blue.mat
  artifactKey: Guid(3af01f288271926428ccface4fd47862) Importer(815301076,1909f56bfc062723c751e8b465ee728b)
Start importing Assets/Materials/Blue.mat using Guid(3af01f288271926428ccface4fd47862) Importer(815301076,1909f56bfc062723c751e8b465ee728b)  -> (artifact id: '2ab4175de5367bdcf2ac32825678aa4e') in 0.019776 seconds 
========================================================================
Received Import Request.
  Time since last request: 114.007914 seconds.
  path: Assets/Materials/Rojo.mat
  artifactKey: Guid(f960c92b567d8a54fb8a7a03edd0ffa5) Importer(815301076,1909f56bfc062723c751e8b465ee728b)
Start importing Assets/Materials/Rojo.mat using Guid(f960c92b567d8a54fb8a7a03edd0ffa5) Importer(815301076,1909f56bfc062723c751e8b465ee728b)  -> (artifact id: 'd8ea682b538ea6c0eb045282e9a66518') in 0.016217 seconds 
========================================================================
Received Import Request.
  Time since last request: 2.243321 seconds.
  path: Assets/Materials/Rojo 1.mat
  artifactKey: Guid(9471c0e13ec6da341ad8a927759bc0b3) Importer(815301076,1909f56bfc062723c751e8b465ee728b)
Start importing Assets/Materials/Rojo 1.mat using Guid(9471c0e13ec6da341ad8a927759bc0b3) Importer(815301076,1909f56bfc062723c751e8b465ee728b)  -> (artifact id: '8419d1e06b8e3a060567d323fdf452c4') in 0.015807 seconds 
========================================================================
Received Import Request.
  Time since last request: 0.759945 seconds.
  path: Assets/Materials/Rojo 2.mat
  artifactKey: Guid(697cc357c20761c4fbb22e707bea2186) Importer(815301076,1909f56bfc062723c751e8b465ee728b)
Start importing Assets/Materials/Rojo 2.mat using Guid(697cc357c20761c4fbb22e707bea2186) Importer(815301076,1909f56bfc062723c751e8b465ee728b)  -> (artifact id: '4808dc8f953f5a28a153e21cdcdc5b77') in 0.014397 seconds 
========================================================================
Received Import Request.
  Time since last request: 8.832766 seconds.
  path: Assets/Materials/Amarillo.mat
  artifactKey: Guid(697cc357c20761c4fbb22e707bea2186) Importer(815301076,1909f56bfc062723c751e8b465ee728b)
Start importing Assets/Materials/Amarillo.mat using Guid(697cc357c20761c4fbb22e707bea2186) Importer(815301076,1909f56bfc062723c751e8b465ee728b)  -> (artifact id: '50b20a9f43769b20230b0825b6ad431e') in 0.019062 seconds 
========================================================================
Received Import Request.
  Time since last request: 17.446608 seconds.
  path: Assets/Materials/Morado.mat
  artifactKey: Guid(9471c0e13ec6da341ad8a927759bc0b3) Importer(815301076,1909f56bfc062723c751e8b465ee728b)
Start importing Assets/Materials/Morado.mat using Guid(9471c0e13ec6da341ad8a927759bc0b3) Importer(815301076,1909f56bfc062723c751e8b465ee728b)  -> (artifact id: '1de25d6d99917408a30adda41d3eab34') in 0.019103 seconds 
========================================================================
Received Import Request.
  Time since last request: 223.389521 seconds.
  path: Assets/Materials/Amarillo.mat
  artifactKey: Guid(697cc357c20761c4fbb22e707bea2186) Importer(815301076,1909f56bfc062723c751e8b465ee728b)
Start importing Assets/Materials/Amarillo.mat using Guid(697cc357c20761c4fbb22e707bea2186) Importer(815301076,1909f56bfc062723c751e8b465ee728b)  -> (artifact id: '50817e560f5f152c1017d6fdabf9b8e2') in 0.019453 seconds 
========================================================================
Received Import Request.
  Time since last request: 0.000039 seconds.
  path: Assets/Materials/Rojo.mat
  artifactKey: Guid(f960c92b567d8a54fb8a7a03edd0ffa5) Importer(815301076,1909f56bfc062723c751e8b465ee728b)
Start importing Assets/Materials/Rojo.mat using Guid(f960c92b567d8a54fb8a7a03edd0ffa5) Importer(815301076,1909f56bfc062723c751e8b465ee728b)  -> (artifact id: 'a3219fda31c7db0abb65f8eeb78cb125') in 0.029189 seconds 
========================================================================
Received Import Request.
  Time since last request: 154.466266 seconds.
  path: Assets/Scenes
  artifactKey: Guid(6ea315d0fd7389c41b19996891e99ae3) Importer(815301076,1909f56bfc062723c751e8b465ee728b)
Start importing Assets/Scenes using Guid(6ea315d0fd7389c41b19996891e99ae3) Importer(815301076,1909f56bfc062723c751e8b465ee728b)  -> (artifact id: 'b8193726cff86800c54781cdc6d54904') in 0.005680 seconds 
========================================================================
Received Import Request.
  Time since last request: 0.016428 seconds.
  path: Assets/Scenes/MyGame.unity
  artifactKey: Guid(9fc0d4010bbf28b4594072e72b8655ab) Importer(815301076,1909f56bfc062723c751e8b465ee728b)
Start importing Assets/Scenes/MyGame.unity using Guid(9fc0d4010bbf28b4594072e72b8655ab) Importer(815301076,1909f56bfc062723c751e8b465ee728b)  -> (artifact id: '867158074ed9752992c01ddac6706df5') in 0.001791 seconds 
